<?xml version="1.0" encoding="UTF-8"?>
<!-- Generated by org.testng.reporters.JUnitXMLReporter -->
<testsuite ignored="0" hostname="DELL" failures="1" tests="1" name="Test" time="0.116" errors="0" timestamp="31 Jan 2021 03:33:13 GMT">
  <testcase classname="com.autodeskTestscripts.CreateOrgnaisation" name="createQuote" time="0.026">
    <failure type="java.lang.Error" message="Unresolved compilation problems: 
	f cannot be resolved to a variable
	all cannot be resolved to a variable
	Createfilterviewname cannot be resolved or is not a field
">
      <![CDATA[java.lang.Error: Unresolved compilation problems: 
f cannot be resolved to a variable
all cannot be resolved to a variable
Createfilterviewname cannot be resolved or is not a field

at com.autodeskTestscripts.CreateOrgnaisation.createQuote(CreateOrgnaisation.java:77)
... Removed 25 stack frames]]>
    </failure>
  </testcase> <!-- createQuote -->
</testsuite> <!-- Test -->
